<?xml version="1.0" encoding="UTF-8"?>
<coverage generated="1690187342423" clover="3.2.0">
  <project timestamp="1690187342424" name="All files">
    <metrics statements="39" coveredstatements="38" conditionals="21" coveredconditionals="19" methods="16" coveredmethods="15" elements="76" coveredelements="72" complexity="0" loc="39" ncloc="39" packages="1" files="3" classes="3"/>
    <file name="App.ts" path="D:/JavaScript-test/learn-test/src/App.ts">
      <metrics statements="5" coveredstatements="5" conditionals="5" coveredconditionals="5" methods="3" coveredmethods="3"/>
      <line num="2" count="4" type="stmt"/>
      <line num="13" count="6" type="stmt"/>
      <line num="23" count="12" type="cond" truecount="5" falsecount="0"/>
      <line num="24" count="10" type="stmt"/>
      <line num="25" count="2" type="stmt"/>
    </file>
    <file name="Doubles.ts" path="D:/JavaScript-test/learn-test/src/Doubles.ts">
      <metrics statements="13" coveredstatements="12" conditionals="4" coveredconditionals="3" methods="8" coveredmethods="7"/>
      <line num="12" count="1" type="cond" truecount="1" falsecount="1"/>
      <line num="13" count="1" type="stmt"/>
      <line num="16" count="6" type="cond" truecount="2" falsecount="0"/>
      <line num="17" count="3" type="stmt"/>
      <line num="18" count="3" type="stmt"/>
      <line num="20" count="3" type="stmt"/>
      <line num="21" count="3" type="stmt"/>
      <line num="24" count="2" type="stmt"/>
      <line num="27" count="1" type="stmt"/>
      <line num="31" count="1" type="stmt"/>
      <line num="34" count="1" type="stmt"/>
      <line num="37" count="1" type="stmt"/>
      <line num="40" count="0" type="stmt"/>
    </file>
    <file name="PasswordChecker.ts" path="D:/JavaScript-test/learn-test/src/PasswordChecker.ts">
      <metrics statements="21" coveredstatements="21" conditionals="12" coveredconditionals="11" methods="5" coveredmethods="5"/>
      <line num="5" count="1" type="stmt"/>
      <line num="6" count="1" type="stmt"/>
      <line num="7" count="1" type="stmt"/>
      <line num="8" count="1" type="stmt"/>
      <line num="9" count="1" type="cond" truecount="4" falsecount="0"/>
      <line num="12" count="6" type="stmt"/>
      <line num="13" count="6" type="stmt"/>
      <line num="14" count="6" type="cond" truecount="3" falsecount="1"/>
      <line num="15" count="3" type="stmt"/>
      <line num="16" count="6" type="stmt"/>
      <line num="17" count="18" type="cond" truecount="2" falsecount="0"/>
      <line num="19" count="2" type="stmt"/>
      <line num="22" count="3" type="stmt"/>
      <line num="25" count="6" type="stmt"/>
      <line num="26" count="6" type="stmt"/>
      <line num="27" count="6" type="stmt"/>
      <line num="28" count="44" type="cond" truecount="2" falsecount="0"/>
      <line num="29" count="40" type="stmt"/>
      <line num="32" count="6" type="stmt"/>
      <line num="35" count="3" type="stmt"/>
      <line num="36" count="3" type="stmt"/>
    </file>
  </project>
</coverage>
