{"D:/JavaScript-test/learn-test/src/__test__/RegisterRequest/Utils/RequestTestWrapper.ts": {"path":"D:/JavaScript-test/learn-test/src/__test__/RegisterRequest/Utils/RequestTestWrapper.ts","statementMap":{"0":{"start":{"line":7,"column":19},"end":{"line":7,"column":null}},"1":{"start":{"line":9,"column":4},"end":{"line":13,"column":null}},"2":{"start":{"line":10,"column":6},"end":{"line":10,"column":null}},"3":{"start":{"line":12,"column":6},"end":{"line":12,"column":null}},"4":{"start":{"line":16,"column":4},"end":{"line":16,"column":null}},"5":{"start":{"line":17,"column":4},"end":{"line":17,"column":null}},"6":{"start":{"line":18,"column":4},"end":{"line":18,"column":null}},"7":{"start":{"line":19,"column":4},"end":{"line":19,"column":null}}},"fnMap":{"0":{"name":"(anonymous_0)","decl":{"start":{"line":8,"column":9},"end":{"line":8,"column":12}},"loc":{"start":{"line":8,"column":41},"end":{"line":14,"column":null}}},"1":{"name":"(anonymous_1)","decl":{"start":{"line":15,"column":9},"end":{"line":15,"column":23}},"loc":{"start":{"line":15,"column":23},"end":{"line":20,"column":null}}}},"branchMap":{"0":{"loc":{"start":{"line":9,"column":4},"end":{"line":13,"column":null}},"type":"if","locations":[{"start":{"line":9,"column":4},"end":{"line":13,"column":null}},{"start":{"line":11,"column":11},"end":{"line":13,"column":null}}]}},"s":{"0":3,"1":27,"2":9,"3":18,"4":21,"5":21,"6":21,"7":21},"f":{"0":27,"1":21},"b":{"0":[9,18]}}
,"D:/JavaScript-test/learn-test/src/__test__/RegisterRequest/Utils/ResponseTestWrapper.ts": {"path":"D:/JavaScript-test/learn-test/src/__test__/RegisterRequest/Utils/ResponseTestWrapper.ts","statementMap":{"0":{"start":{"line":5,"column":19},"end":{"line":5,"column":null}},"1":{"start":{"line":8,"column":4},"end":{"line":8,"column":null}},"2":{"start":{"line":9,"column":4},"end":{"line":9,"column":null}},"3":{"start":{"line":12,"column":4},"end":{"line":12,"column":null}},"4":{"start":{"line":16,"column":4},"end":{"line":16,"column":null}},"5":{"start":{"line":17,"column":4},"end":{"line":17,"column":null}},"6":{"start":{"line":18,"column":4},"end":{"line":18,"column":null}}},"fnMap":{"0":{"name":"(anonymous_0)","decl":{"start":{"line":7,"column":9},"end":{"line":7,"column":19}},"loc":{"start":{"line":7,"column":59},"end":{"line":10,"column":null}}},"1":{"name":"(anonymous_1)","decl":{"start":{"line":11,"column":9},"end":{"line":11,"column":15}},"loc":{"start":{"line":11,"column":40},"end":{"line":13,"column":null}}},"2":{"name":"(anonymous_2)","decl":{"start":{"line":14,"column":9},"end":{"line":14,"column":15}},"loc":{"start":{"line":14,"column":15},"end":{"line":14,"column":null}}},"3":{"name":"(anonymous_3)","decl":{"start":{"line":15,"column":9},"end":{"line":15,"column":23}},"loc":{"start":{"line":15,"column":23},"end":{"line":19,"column":null}}}},"branchMap":{},"s":{"0":3,"1":8,"2":8,"3":18,"4":21,"5":21,"6":21},"f":{"0":8,"1":18,"2":21,"3":21},"b":{}}
,"D:/JavaScript-test/learn-test/src/auth/Authorizer.ts": {"path":"D:/JavaScript-test/learn-test/src/auth/Authorizer.ts","statementMap":{"0":{"start":{"line":9,"column":37},"end":{"line":9,"column":null}},"1":{"start":{"line":10,"column":40},"end":{"line":10,"column":null}},"2":{"start":{"line":13,"column":29},"end":{"line":13,"column":null}},"3":{"start":{"line":14,"column":8},"end":{"line":14,"column":null}},"4":{"start":{"line":18,"column":23},"end":{"line":22,"column":null}},"5":{"start":{"line":23,"column":8},"end":{"line":23,"column":null}},"6":{"start":{"line":27,"column":21},"end":{"line":27,"column":null}},"7":{"start":{"line":28,"column":8},"end":{"line":31,"column":null}},"8":{"start":{"line":29,"column":28},"end":{"line":29,"column":null}},"9":{"start":{"line":30,"column":12},"end":{"line":30,"column":null}},"10":{"start":{"line":35,"column":8},"end":{"line":35,"column":null}}},"fnMap":{"0":{"name":"(anonymous_0)","decl":{"start":{"line":12,"column":4},"end":{"line":12,"column":17}},"loc":{"start":{"line":12,"column":66},"end":{"line":15,"column":null}}},"1":{"name":"(anonymous_1)","decl":{"start":{"line":17,"column":4},"end":{"line":17,"column":17}},"loc":{"start":{"line":17,"column":65},"end":{"line":24,"column":null}}},"2":{"name":"(anonymous_2)","decl":{"start":{"line":26,"column":4},"end":{"line":26,"column":17}},"loc":{"start":{"line":26,"column":59},"end":{"line":32,"column":null}}},"3":{"name":"(anonymous_3)","decl":{"start":{"line":34,"column":4},"end":{"line":34,"column":17}},"loc":{"start":{"line":34,"column":40},"end":{"line":36,"column":null}}}},"branchMap":{"0":{"loc":{"start":{"line":28,"column":8},"end":{"line":31,"column":null}},"type":"if","locations":[{"start":{"line":28,"column":8},"end":{"line":31,"column":null}},{"start":{"line":28,"column":8},"end":{"line":31,"column":null}}]},"1":{"loc":{"start":{"line":28,"column":12},"end":{"line":28,"column":48}},"type":"binary-expr","locations":[{"start":{"line":28,"column":12},"end":{"line":28,"column":20}},{"start":{"line":28,"column":20},"end":{"line":28,"column":48}}]}},"s":{"0":26,"1":26,"2":15,"3":15,"4":2,"5":2,"6":4,"7":4,"8":2,"9":2,"10":1},"f":{"0":15,"1":2,"2":4,"3":1},"b":{"0":[2,2],"1":[4,4]}}
,"D:/JavaScript-test/learn-test/src/data/DataBase.ts": {"path":"D:/JavaScript-test/learn-test/src/data/DataBase.ts","statementMap":{"0":{"start":{"line":7,"column":21},"end":{"line":7,"column":null}},"1":{"start":{"line":9,"column":4},"end":{"line":9,"column":null}},"2":{"start":{"line":10,"column":4},"end":{"line":10,"column":null}},"3":{"start":{"line":11,"column":4},"end":{"line":11,"column":null}},"4":{"start":{"line":14,"column":4},"end":{"line":14,"column":null}},"5":{"start":{"line":14,"column":37},"end":{"line":14,"column":60}},"6":{"start":{"line":17,"column":4},"end":{"line":17,"column":null}},"7":{"start":{"line":17,"column":39},"end":{"line":17,"column":62}},"8":{"start":{"line":20,"column":18},"end":{"line":20,"column":null}},"9":{"start":{"line":20,"column":49},"end":{"line":20,"column":60}},"10":{"start":{"line":21,"column":4},"end":{"line":21,"column":null}},"11":{"start":{"line":24,"column":18},"end":{"line":24,"column":null}},"12":{"start":{"line":24,"column":49},"end":{"line":24,"column":60}},"13":{"start":{"line":25,"column":4},"end":{"line":25,"column":null}},"14":{"start":{"line":28,"column":4},"end":{"line":28,"column":null}}},"fnMap":{"0":{"name":"(anonymous_0)","decl":{"start":{"line":8,"column":2},"end":{"line":8,"column":8}},"loc":{"start":{"line":8,"column":23},"end":{"line":12,"column":null}}},"1":{"name":"(anonymous_1)","decl":{"start":{"line":13,"column":2},"end":{"line":13,"column":8}},"loc":{"start":{"line":13,"column":49},"end":{"line":15,"column":null}}},"2":{"name":"(anonymous_2)","decl":{"start":{"line":14,"column":30},"end":{"line":14,"column":31}},"loc":{"start":{"line":14,"column":37},"end":{"line":14,"column":60}}},"3":{"name":"(anonymous_3)","decl":{"start":{"line":16,"column":2},"end":{"line":16,"column":8}},"loc":{"start":{"line":16,"column":53},"end":{"line":18,"column":null}}},"4":{"name":"(anonymous_4)","decl":{"start":{"line":17,"column":32},"end":{"line":17,"column":33}},"loc":{"start":{"line":17,"column":39},"end":{"line":17,"column":62}}},"5":{"name":"(anonymous_5)","decl":{"start":{"line":19,"column":2},"end":{"line":19,"column":8}},"loc":{"start":{"line":19,"column":59},"end":{"line":22,"column":null}}},"6":{"name":"(anonymous_6)","decl":{"start":{"line":20,"column":42},"end":{"line":20,"column":43}},"loc":{"start":{"line":20,"column":49},"end":{"line":20,"column":60}}},"7":{"name":"(anonymous_7)","decl":{"start":{"line":23,"column":2},"end":{"line":23,"column":8}},"loc":{"start":{"line":23,"column":27},"end":{"line":26,"column":null}}},"8":{"name":"(anonymous_8)","decl":{"start":{"line":24,"column":42},"end":{"line":24,"column":43}},"loc":{"start":{"line":24,"column":49},"end":{"line":24,"column":60}}},"9":{"name":"(anonymous_9)","decl":{"start":{"line":27,"column":2},"end":{"line":27,"column":8}},"loc":{"start":{"line":27,"column":25},"end":{"line":29,"column":null}}}},"branchMap":{},"s":{"0":17,"1":10,"2":10,"3":10,"4":3,"5":2,"6":1,"7":3,"8":1,"9":1,"10":1,"11":1,"12":1,"13":1,"14":1},"f":{"0":10,"1":3,"2":2,"3":1,"4":3,"5":1,"6":1,"7":1,"8":1,"9":1},"b":{}}
,"D:/JavaScript-test/learn-test/src/data/IdGenerator.ts": {"path":"D:/JavaScript-test/learn-test/src/data/IdGenerator.ts","statementMap":{"0":{"start":{"line":4,"column":19},"end":{"line":4,"column":null}},"1":{"start":{"line":5,"column":2},"end":{"line":5,"column":null}}},"fnMap":{"0":{"name":"generateRandomId","decl":{"start":{"line":3,"column":16},"end":{"line":3,"column":35}},"loc":{"start":{"line":3,"column":35},"end":{"line":6,"column":null}}}},"branchMap":{},"s":{"0":0,"1":0},"f":{"0":0},"b":{}}
,"D:/JavaScript-test/learn-test/src/data/ReservationsDataAccess.ts": {"path":"D:/JavaScript-test/learn-test/src/data/ReservationsDataAccess.ts","statementMap":{"0":{"start":{"line":5,"column":33},"end":{"line":5,"column":null}},"1":{"start":{"line":8,"column":15},"end":{"line":8,"column":null}},"2":{"start":{"line":9,"column":4},"end":{"line":9,"column":null}},"3":{"start":{"line":17,"column":4},"end":{"line":17,"column":null}},"4":{"start":{"line":21,"column":4},"end":{"line":21,"column":null}},"5":{"start":{"line":25,"column":19},"end":{"line":25,"column":null}},"6":{"start":{"line":26,"column":4},"end":{"line":26,"column":null}},"7":{"start":{"line":30,"column":19},"end":{"line":30,"column":null}},"8":{"start":{"line":31,"column":4},"end":{"line":31,"column":null}}},"fnMap":{"0":{"name":"(anonymous_0)","decl":{"start":{"line":7,"column":2},"end":{"line":7,"column":15}},"loc":{"start":{"line":7,"column":59},"end":{"line":10,"column":null}}},"1":{"name":"(anonymous_1)","decl":{"start":{"line":12,"column":2},"end":{"line":12,"column":15}},"loc":{"start":{"line":16,"column":4},"end":{"line":18,"column":null}}},"2":{"name":"(anonymous_2)","decl":{"start":{"line":20,"column":2},"end":{"line":20,"column":15}},"loc":{"start":{"line":20,"column":56},"end":{"line":22,"column":null}}},"3":{"name":"(anonymous_3)","decl":{"start":{"line":24,"column":2},"end":{"line":24,"column":15}},"loc":{"start":{"line":24,"column":53},"end":{"line":27,"column":null}}},"4":{"name":"(anonymous_4)","decl":{"start":{"line":29,"column":2},"end":{"line":29,"column":15}},"loc":{"start":{"line":29,"column":36},"end":{"line":32,"column":null}}}},"branchMap":{},"s":{"0":27,"1":4,"2":4,"3":3,"4":2,"5":6,"6":6,"7":2,"8":2},"f":{"0":4,"1":3,"2":2,"3":6,"4":2},"b":{}}
,"D:/JavaScript-test/learn-test/src/data/SessionTokenDataAccess.ts": {"path":"D:/JavaScript-test/learn-test/src/data/SessionTokenDataAccess.ts","statementMap":{"0":{"start":{"line":6,"column":34},"end":{"line":6,"column":null}},"1":{"start":{"line":9,"column":20},"end":{"line":14,"column":null}},"2":{"start":{"line":16,"column":4},"end":{"line":16,"column":null}},"3":{"start":{"line":20,"column":4},"end":{"line":20,"column":null}},"4":{"start":{"line":25,"column":25},"end":{"line":25,"column":null}},"5":{"start":{"line":26,"column":4},"end":{"line":28,"column":null}},"6":{"start":{"line":27,"column":6},"end":{"line":27,"column":null}},"7":{"start":{"line":29,"column":4},"end":{"line":29,"column":null}},"8":{"start":{"line":33,"column":4},"end":{"line":33,"column":null}}},"fnMap":{"0":{"name":"(anonymous_0)","decl":{"start":{"line":8,"column":2},"end":{"line":8,"column":15}},"loc":{"start":{"line":8,"column":44},"end":{"line":17,"column":null}}},"1":{"name":"(anonymous_1)","decl":{"start":{"line":19,"column":2},"end":{"line":19,"column":15}},"loc":{"start":{"line":19,"column":48},"end":{"line":21,"column":null}}},"2":{"name":"(anonymous_2)","decl":{"start":{"line":23,"column":2},"end":{"line":23,"column":15}},"loc":{"start":{"line":23,"column":45},"end":{"line":30,"column":null}}},"3":{"name":"(anonymous_3)","decl":{"start":{"line":32,"column":10},"end":{"line":32,"column":35}},"loc":{"start":{"line":32,"column":35},"end":{"line":34,"column":null}}}},"branchMap":{"0":{"loc":{"start":{"line":26,"column":4},"end":{"line":28,"column":null}},"type":"if","locations":[{"start":{"line":26,"column":4},"end":{"line":28,"column":null}},{"start":{"line":26,"column":4},"end":{"line":28,"column":null}}]}},"s":{"0":28,"1":2,"2":2,"3":1,"4":18,"5":18,"6":16,"7":2,"8":2},"f":{"0":2,"1":1,"2":18,"3":2},"b":{"0":[16,2]}}
,"D:/JavaScript-test/learn-test/src/data/UserCredentialsDataAccess.ts": {"path":"D:/JavaScript-test/learn-test/src/data/UserCredentialsDataAccess.ts","statementMap":{"0":{"start":{"line":5,"column":36},"end":{"line":5,"column":null}},"1":{"start":{"line":8,"column":22},"end":{"line":8,"column":null}},"2":{"start":{"line":9,"column":4},"end":{"line":9,"column":null}},"3":{"start":{"line":13,"column":17},"end":{"line":13,"column":null}},"4":{"start":{"line":14,"column":4},"end":{"line":14,"column":null}},"5":{"start":{"line":18,"column":17},"end":{"line":18,"column":null}},"6":{"start":{"line":19,"column":4},"end":{"line":19,"column":null}}},"fnMap":{"0":{"name":"(anonymous_0)","decl":{"start":{"line":7,"column":2},"end":{"line":7,"column":15}},"loc":{"start":{"line":7,"column":38},"end":{"line":10,"column":null}}},"1":{"name":"(anonymous_1)","decl":{"start":{"line":12,"column":2},"end":{"line":12,"column":15}},"loc":{"start":{"line":12,"column":39},"end":{"line":15,"column":null}}},"2":{"name":"(anonymous_2)","decl":{"start":{"line":17,"column":2},"end":{"line":17,"column":15}},"loc":{"start":{"line":17,"column":51},"end":{"line":20,"column":null}}}},"branchMap":{},"s":{"0":24,"1":2,"2":2,"3":1,"4":1,"5":3,"6":3},"f":{"0":2,"1":1,"2":3},"b":{}}
,"D:/JavaScript-test/learn-test/src/handlers/LoginHandler.ts": {"path":"D:/JavaScript-test/learn-test/src/handlers/LoginHandler.ts","statementMap":{"0":{"start":{"line":17,"column":4},"end":{"line":17,"column":null}},"1":{"start":{"line":18,"column":4},"end":{"line":18,"column":null}},"2":{"start":{"line":19,"column":4},"end":{"line":19,"column":null}},"3":{"start":{"line":23,"column":4},"end":{"line":29,"column":null}},"4":{"start":{"line":25,"column":8},"end":{"line":25,"column":null}},"5":{"start":{"line":26,"column":8},"end":{"line":26,"column":null}},"6":{"start":{"line":28,"column":8},"end":{"line":28,"column":null}},"7":{"start":{"line":33,"column":33},"end":{"line":33,"column":null}},"8":{"start":{"line":34,"column":4},"end":{"line":50,"column":null}},"9":{"start":{"line":35,"column":20},"end":{"line":38,"column":null}},"10":{"start":{"line":39,"column":6},"end":{"line":48,"column":null}},"11":{"start":{"line":40,"column":8},"end":{"line":40,"column":null}},"12":{"start":{"line":41,"column":8},"end":{"line":43,"column":null}},"13":{"start":{"line":44,"column":8},"end":{"line":44,"column":null}},"14":{"start":{"line":46,"column":8},"end":{"line":46,"column":null}},"15":{"start":{"line":47,"column":8},"end":{"line":47,"column":null}},"16":{"start":{"line":49,"column":6},"end":{"line":49,"column":null}},"17":{"start":{"line":51,"column":4},"end":{"line":51,"column":null}},"18":{"start":{"line":52,"column":4},"end":{"line":54,"column":null}},"19":{"start":{"line":55,"column":4},"end":{"line":55,"column":null}}},"fnMap":{"0":{"name":"(anonymous_0)","decl":{"start":{"line":12,"column":9},"end":{"line":12,"column":null}},"loc":{"start":{"line":16,"column":4},"end":{"line":20,"column":null}}},"1":{"name":"(anonymous_1)","decl":{"start":{"line":22,"column":2},"end":{"line":22,"column":15}},"loc":{"start":{"line":22,"column":31},"end":{"line":30,"column":null}}},"2":{"name":"(anonymous_2)","decl":{"start":{"line":32,"column":2},"end":{"line":32,"column":16}},"loc":{"start":{"line":32,"column":29},"end":{"line":56,"column":null}}}},"branchMap":{"0":{"loc":{"start":{"line":23,"column":4},"end":{"line":29,"column":null}},"type":"switch","locations":[{"start":{"line":24,"column":6},"end":{"line":26,"column":null}},{"start":{"line":27,"column":6},"end":{"line":28,"column":null}}]},"1":{"loc":{"start":{"line":34,"column":4},"end":{"line":50,"column":null}},"type":"if","locations":[{"start":{"line":34,"column":4},"end":{"line":50,"column":null}},{"start":{"line":34,"column":4},"end":{"line":50,"column":null}}]},"2":{"loc":{"start":{"line":34,"column":8},"end":{"line":34,"column":54}},"type":"binary-expr","locations":[{"start":{"line":34,"column":8},"end":{"line":34,"column":32}},{"start":{"line":34,"column":32},"end":{"line":34,"column":54}}]},"3":{"loc":{"start":{"line":39,"column":6},"end":{"line":48,"column":null}},"type":"if","locations":[{"start":{"line":39,"column":6},"end":{"line":48,"column":null}},{"start":{"line":45,"column":13},"end":{"line":48,"column":null}}]}},"s":{"0":8,"1":8,"2":8,"3":8,"4":6,"5":6,"6":2,"7":6,"8":6,"9":4,"10":4,"11":2,"12":2,"13":2,"14":2,"15":2,"16":4,"17":2,"18":2,"19":2},"f":{"0":8,"1":8,"2":6},"b":{"0":[6,2],"1":[4,2],"2":[6,4],"3":[2,2]}}
,"D:/JavaScript-test/learn-test/src/handlers/RegisterHandler.ts": {"path":"D:/JavaScript-test/learn-test/src/handlers/RegisterHandler.ts","statementMap":{"0":{"start":{"line":17,"column":4},"end":{"line":17,"column":null}},"1":{"start":{"line":18,"column":4},"end":{"line":18,"column":null}},"2":{"start":{"line":19,"column":4},"end":{"line":19,"column":null}},"3":{"start":{"line":23,"column":4},"end":{"line":29,"column":null}},"4":{"start":{"line":25,"column":8},"end":{"line":25,"column":null}},"5":{"start":{"line":26,"column":8},"end":{"line":26,"column":null}},"6":{"start":{"line":28,"column":8},"end":{"line":28,"column":null}},"7":{"start":{"line":33,"column":33},"end":{"line":33,"column":null}},"8":{"start":{"line":34,"column":4},"end":{"line":49,"column":null}},"9":{"start":{"line":35,"column":21},"end":{"line":38,"column":null}},"10":{"start":{"line":39,"column":6},"end":{"line":39,"column":null}},"11":{"start":{"line":40,"column":6},"end":{"line":42,"column":null}},"12":{"start":{"line":43,"column":6},"end":{"line":47,"column":null}},"13":{"start":{"line":48,"column":6},"end":{"line":48,"column":null}},"14":{"start":{"line":50,"column":4},"end":{"line":50,"column":null}},"15":{"start":{"line":51,"column":4},"end":{"line":53,"column":null}},"16":{"start":{"line":54,"column":4},"end":{"line":54,"column":null}}},"fnMap":{"0":{"name":"(anonymous_0)","decl":{"start":{"line":12,"column":9},"end":{"line":12,"column":null}},"loc":{"start":{"line":16,"column":4},"end":{"line":20,"column":null}}},"1":{"name":"(anonymous_1)","decl":{"start":{"line":22,"column":2},"end":{"line":22,"column":15}},"loc":{"start":{"line":22,"column":31},"end":{"line":30,"column":null}}},"2":{"name":"(anonymous_2)","decl":{"start":{"line":32,"column":2},"end":{"line":32,"column":16}},"loc":{"start":{"line":32,"column":29},"end":{"line":55,"column":null}}}},"branchMap":{"0":{"loc":{"start":{"line":23,"column":4},"end":{"line":29,"column":null}},"type":"switch","locations":[{"start":{"line":24,"column":6},"end":{"line":26,"column":null}},{"start":{"line":27,"column":6},"end":{"line":28,"column":null}}]},"1":{"loc":{"start":{"line":34,"column":4},"end":{"line":49,"column":null}},"type":"if","locations":[{"start":{"line":34,"column":4},"end":{"line":49,"column":null}},{"start":{"line":34,"column":4},"end":{"line":49,"column":null}}]},"2":{"loc":{"start":{"line":34,"column":8},"end":{"line":34,"column":54}},"type":"binary-expr","locations":[{"start":{"line":34,"column":8},"end":{"line":34,"column":32}},{"start":{"line":34,"column":32},"end":{"line":34,"column":54}}]}},"s":{"0":4,"1":4,"2":4,"3":4,"4":3,"5":3,"6":1,"7":3,"8":3,"9":2,"10":2,"11":2,"12":2,"13":2,"14":1,"15":1,"16":1},"f":{"0":4,"1":4,"2":3},"b":{"0":[3,1],"1":[2,1],"2":[3,2]}}
,"D:/JavaScript-test/learn-test/src/handlers/ReservationsHandler.ts": {"path":"D:/JavaScript-test/learn-test/src/handlers/ReservationsHandler.ts","statementMap":{"0":{"start":{"line":19,"column":4},"end":{"line":19,"column":null}},"1":{"start":{"line":20,"column":4},"end":{"line":20,"column":null}},"2":{"start":{"line":21,"column":4},"end":{"line":21,"column":null}},"3":{"start":{"line":22,"column":4},"end":{"line":22,"column":null}},"4":{"start":{"line":26,"column":25},"end":{"line":26,"column":null}},"5":{"start":{"line":27,"column":4},"end":{"line":31,"column":null}},"6":{"start":{"line":28,"column":6},"end":{"line":28,"column":null}},"7":{"start":{"line":29,"column":6},"end":{"line":29,"column":null}},"8":{"start":{"line":30,"column":6},"end":{"line":30,"column":null}},"9":{"start":{"line":33,"column":4},"end":{"line":50,"column":null}},"10":{"start":{"line":34,"column":6},"end":{"line":49,"column":null}},"11":{"start":{"line":36,"column":10},"end":{"line":36,"column":null}},"12":{"start":{"line":37,"column":10},"end":{"line":37,"column":null}},"13":{"start":{"line":39,"column":10},"end":{"line":39,"column":null}},"14":{"start":{"line":40,"column":10},"end":{"line":40,"column":null}},"15":{"start":{"line":42,"column":10},"end":{"line":42,"column":null}},"16":{"start":{"line":43,"column":10},"end":{"line":43,"column":null}},"17":{"start":{"line":45,"column":10},"end":{"line":45,"column":null}},"18":{"start":{"line":46,"column":10},"end":{"line":46,"column":null}},"19":{"start":{"line":48,"column":10},"end":{"line":48,"column":null}},"20":{"start":{"line":54,"column":20},"end":{"line":54,"column":null}},"21":{"start":{"line":55,"column":4},"end":{"line":58,"column":null}},"22":{"start":{"line":56,"column":22},"end":{"line":56,"column":null}},"23":{"start":{"line":57,"column":6},"end":{"line":57,"column":null}},"24":{"start":{"line":59,"column":4},"end":{"line":59,"column":null}},"25":{"start":{"line":63,"column":37},"end":{"line":63,"column":null}},"26":{"start":{"line":64,"column":4},"end":{"line":68,"column":null}},"27":{"start":{"line":65,"column":6},"end":{"line":65,"column":null}},"28":{"start":{"line":66,"column":6},"end":{"line":66,"column":null}},"29":{"start":{"line":67,"column":6},"end":{"line":67,"column":null}},"30":{"start":{"line":70,"column":26},"end":{"line":72,"column":null}},"31":{"start":{"line":73,"column":4},"end":{"line":73,"column":null}},"32":{"start":{"line":74,"column":4},"end":{"line":76,"column":null}},"33":{"start":{"line":77,"column":4},"end":{"line":77,"column":null}},"34":{"start":{"line":81,"column":15},"end":{"line":81,"column":null}},"35":{"start":{"line":82,"column":4},"end":{"line":90,"column":null}},"36":{"start":{"line":84,"column":8},"end":{"line":84,"column":null}},"37":{"start":{"line":85,"column":6},"end":{"line":87,"column":null}},"38":{"start":{"line":88,"column":6},"end":{"line":88,"column":null}},"39":{"start":{"line":89,"column":6},"end":{"line":89,"column":null}},"40":{"start":{"line":91,"column":4},"end":{"line":107,"column":null}},"41":{"start":{"line":92,"column":26},"end":{"line":92,"column":null}},"42":{"start":{"line":93,"column":6},"end":{"line":103,"column":null}},"43":{"start":{"line":94,"column":8},"end":{"line":96,"column":null}},"44":{"start":{"line":97,"column":8},"end":{"line":97,"column":null}},"45":{"start":{"line":99,"column":8},"end":{"line":99,"column":null}},"46":{"start":{"line":100,"column":8},"end":{"line":102,"column":null}},"47":{"start":{"line":105,"column":6},"end":{"line":105,"column":null}},"48":{"start":{"line":106,"column":6},"end":{"line":106,"column":null}},"49":{"start":{"line":110,"column":15},"end":{"line":110,"column":null}},"50":{"start":{"line":111,"column":4},"end":{"line":148,"column":null}},"51":{"start":{"line":112,"column":26},"end":{"line":112,"column":null}},"52":{"start":{"line":113,"column":6},"end":{"line":144,"column":null}},"53":{"start":{"line":114,"column":50},"end":{"line":116,"column":null}},"54":{"start":{"line":117,"column":8},"end":{"line":138,"column":null}},"55":{"start":{"line":118,"column":10},"end":{"line":124,"column":null}},"56":{"start":{"line":119,"column":12},"end":{"line":123,"column":null}},"57":{"start":{"line":125,"column":10},"end":{"line":127,"column":null}},"58":{"start":{"line":128,"column":10},"end":{"line":132,"column":null}},"59":{"start":{"line":134,"column":10},"end":{"line":134,"column":null}},"60":{"start":{"line":135,"column":10},"end":{"line":137,"column":null}},"61":{"start":{"line":140,"column":8},"end":{"line":140,"column":null}},"62":{"start":{"line":141,"column":8},"end":{"line":143,"column":null}},"63":{"start":{"line":146,"column":6},"end":{"line":146,"column":null}},"64":{"start":{"line":147,"column":6},"end":{"line":147,"column":null}},"65":{"start":{"line":151,"column":15},"end":{"line":151,"column":null}},"66":{"start":{"line":152,"column":4},"end":{"line":159,"column":null}},"67":{"start":{"line":153,"column":6},"end":{"line":153,"column":null}},"68":{"start":{"line":154,"column":6},"end":{"line":154,"column":null}},"69":{"start":{"line":155,"column":6},"end":{"line":155,"column":null}},"70":{"start":{"line":157,"column":6},"end":{"line":157,"column":null}},"71":{"start":{"line":158,"column":6},"end":{"line":158,"column":null}},"72":{"start":{"line":163,"column":22},"end":{"line":163,"column":null}},"73":{"start":{"line":164,"column":4},"end":{"line":166,"column":null}},"74":{"start":{"line":165,"column":6},"end":{"line":165,"column":null}},"75":{"start":{"line":170,"column":4},"end":{"line":172,"column":null}},"76":{"start":{"line":171,"column":6},"end":{"line":171,"column":null}},"77":{"start":{"line":173,"column":44},"end":{"line":179,"column":null}},"78":{"start":{"line":180,"column":28},"end":{"line":180,"column":null}},"79":{"start":{"line":181,"column":23},"end":{"line":181,"column":null}},"80":{"start":{"line":182,"column":23},"end":{"line":182,"column":null}},"81":{"start":{"line":183,"column":4},"end":{"line":189,"column":null}},"82":{"start":{"line":184,"column":6},"end":{"line":188,"column":null}},"83":{"start":{"line":185,"column":8},"end":{"line":185,"column":null}},"84":{"start":{"line":187,"column":8},"end":{"line":187,"column":null}},"85":{"start":{"line":190,"column":4},"end":{"line":190,"column":null}},"86":{"start":{"line":194,"column":4},"end":{"line":196,"column":null}},"87":{"start":{"line":195,"column":6},"end":{"line":195,"column":null}},"88":{"start":{"line":197,"column":53},"end":{"line":203,"column":null}},"89":{"start":{"line":204,"column":28},"end":{"line":204,"column":null}},"90":{"start":{"line":205,"column":23},"end":{"line":205,"column":null}},"91":{"start":{"line":206,"column":4},"end":{"line":210,"column":null}},"92":{"start":{"line":207,"column":6},"end":{"line":209,"column":null}},"93":{"start":{"line":208,"column":8},"end":{"line":208,"column":null}},"94":{"start":{"line":211,"column":4},"end":{"line":211,"column":null}}},"fnMap":{"0":{"name":"(anonymous_0)","decl":{"start":{"line":13,"column":9},"end":{"line":13,"column":null}},"loc":{"start":{"line":18,"column":4},"end":{"line":23,"column":null}}},"1":{"name":"(anonymous_1)","decl":{"start":{"line":25,"column":2},"end":{"line":25,"column":15}},"loc":{"start":{"line":25,"column":31},"end":{"line":51,"column":null}}},"2":{"name":"(anonymous_2)","decl":{"start":{"line":53,"column":2},"end":{"line":53,"column":16}},"loc":{"start":{"line":53,"column":40},"end":{"line":60,"column":null}}},"3":{"name":"(anonymous_3)","decl":{"start":{"line":62,"column":2},"end":{"line":62,"column":16}},"loc":{"start":{"line":62,"column":29},"end":{"line":78,"column":null}}},"4":{"name":"(anonymous_4)","decl":{"start":{"line":80,"column":2},"end":{"line":80,"column":16}},"loc":{"start":{"line":80,"column":28},"end":{"line":108,"column":null}}},"5":{"name":"(anonymous_5)","decl":{"start":{"line":109,"column":2},"end":{"line":109,"column":16}},"loc":{"start":{"line":109,"column":28},"end":{"line":149,"column":null}}},"6":{"name":"(anonymous_6)","decl":{"start":{"line":150,"column":2},"end":{"line":150,"column":16}},"loc":{"start":{"line":150,"column":31},"end":{"line":160,"column":null}}},"7":{"name":"(anonymous_7)","decl":{"start":{"line":162,"column":10},"end":{"line":162,"column":25}},"loc":{"start":{"line":162,"column":25},"end":{"line":167,"column":null}}},"8":{"name":"(anonymous_8)","decl":{"start":{"line":169,"column":10},"end":{"line":169,"column":36}},"loc":{"start":{"line":169,"column":71},"end":{"line":191,"column":null}}},"9":{"name":"(anonymous_9)","decl":{"start":{"line":193,"column":10},"end":{"line":193,"column":29}},"loc":{"start":{"line":193,"column":55},"end":{"line":212,"column":null}}}},"branchMap":{"0":{"loc":{"start":{"line":27,"column":4},"end":{"line":31,"column":null}},"type":"if","locations":[{"start":{"line":27,"column":4},"end":{"line":31,"column":null}},{"start":{"line":27,"column":4},"end":{"line":31,"column":null}}]},"1":{"loc":{"start":{"line":34,"column":6},"end":{"line":49,"column":null}},"type":"switch","locations":[{"start":{"line":35,"column":8},"end":{"line":37,"column":null}},{"start":{"line":38,"column":8},"end":{"line":40,"column":null}},{"start":{"line":41,"column":8},"end":{"line":43,"column":null}},{"start":{"line":44,"column":8},"end":{"line":46,"column":null}},{"start":{"line":47,"column":8},"end":{"line":48,"column":null}}]},"2":{"loc":{"start":{"line":55,"column":4},"end":{"line":58,"column":null}},"type":"if","locations":[{"start":{"line":55,"column":4},"end":{"line":58,"column":null}},{"start":{"line":55,"column":4},"end":{"line":58,"column":null}}]},"3":{"loc":{"start":{"line":64,"column":4},"end":{"line":68,"column":null}},"type":"if","locations":[{"start":{"line":64,"column":4},"end":{"line":68,"column":null}},{"start":{"line":64,"column":4},"end":{"line":68,"column":null}}]},"4":{"loc":{"start":{"line":82,"column":4},"end":{"line":90,"column":null}},"type":"if","locations":[{"start":{"line":82,"column":4},"end":{"line":90,"column":null}},{"start":{"line":82,"column":4},"end":{"line":90,"column":null}}]},"5":{"loc":{"start":{"line":91,"column":4},"end":{"line":107,"column":null}},"type":"if","locations":[{"start":{"line":91,"column":4},"end":{"line":107,"column":null}},{"start":{"line":104,"column":11},"end":{"line":107,"column":null}}]},"6":{"loc":{"start":{"line":93,"column":6},"end":{"line":103,"column":null}},"type":"if","locations":[{"start":{"line":93,"column":6},"end":{"line":103,"column":null}},{"start":{"line":98,"column":13},"end":{"line":103,"column":null}}]},"7":{"loc":{"start":{"line":111,"column":4},"end":{"line":148,"column":null}},"type":"if","locations":[{"start":{"line":111,"column":4},"end":{"line":148,"column":null}},{"start":{"line":145,"column":11},"end":{"line":148,"column":null}}]},"8":{"loc":{"start":{"line":113,"column":6},"end":{"line":144,"column":null}},"type":"if","locations":[{"start":{"line":113,"column":6},"end":{"line":144,"column":null}},{"start":{"line":139,"column":13},"end":{"line":144,"column":null}}]},"9":{"loc":{"start":{"line":117,"column":8},"end":{"line":138,"column":null}},"type":"if","locations":[{"start":{"line":117,"column":8},"end":{"line":138,"column":null}},{"start":{"line":133,"column":15},"end":{"line":138,"column":null}}]},"10":{"loc":{"start":{"line":152,"column":4},"end":{"line":159,"column":null}},"type":"if","locations":[{"start":{"line":152,"column":4},"end":{"line":159,"column":null}},{"start":{"line":156,"column":11},"end":{"line":159,"column":null}}]},"11":{"loc":{"start":{"line":164,"column":4},"end":{"line":166,"column":null}},"type":"if","locations":[{"start":{"line":164,"column":4},"end":{"line":166,"column":null}},{"start":{"line":164,"column":4},"end":{"line":166,"column":null}}]},"12":{"loc":{"start":{"line":170,"column":4},"end":{"line":172,"column":null}},"type":"if","locations":[{"start":{"line":170,"column":4},"end":{"line":172,"column":null}},{"start":{"line":170,"column":4},"end":{"line":172,"column":null}}]},"13":{"loc":{"start":{"line":184,"column":6},"end":{"line":188,"column":null}},"type":"if","locations":[{"start":{"line":184,"column":6},"end":{"line":188,"column":null}},{"start":{"line":186,"column":13},"end":{"line":188,"column":null}}]},"14":{"loc":{"start":{"line":190,"column":11},"end":{"line":190,"column":null}},"type":"binary-expr","locations":[{"start":{"line":190,"column":11},"end":{"line":190,"column":27}},{"start":{"line":190,"column":27},"end":{"line":190,"column":null}}]},"15":{"loc":{"start":{"line":194,"column":4},"end":{"line":196,"column":null}},"type":"if","locations":[{"start":{"line":194,"column":4},"end":{"line":196,"column":null}},{"start":{"line":194,"column":4},"end":{"line":196,"column":null}}]},"16":{"loc":{"start":{"line":207,"column":6},"end":{"line":209,"column":null}},"type":"if","locations":[{"start":{"line":207,"column":6},"end":{"line":209,"column":null}},{"start":{"line":207,"column":6},"end":{"line":209,"column":null}}]}},"s":{"0":31,"1":31,"2":31,"3":31,"4":31,"5":31,"6":3,"7":3,"8":3,"9":28,"10":28,"11":5,"12":5,"13":8,"14":8,"15":9,"16":9,"17":4,"18":4,"19":2,"20":31,"21":31,"22":30,"23":30,"24":1,"25":5,"26":5,"27":3,"28":3,"29":3,"30":2,"31":2,"32":2,"33":2,"34":8,"35":8,"36":2,"37":2,"38":2,"39":2,"40":6,"41":4,"42":4,"43":2,"44":2,"45":2,"46":2,"47":2,"48":2,"49":9,"50":9,"51":7,"52":7,"53":5,"54":5,"55":2,"56":4,"57":2,"58":2,"59":3,"60":3,"61":2,"62":2,"63":2,"64":2,"65":4,"66":4,"67":2,"68":2,"69":2,"70":2,"71":2,"72":21,"73":21,"74":21,"75":5,"76":1,"77":4,"78":4,"79":4,"80":4,"81":4,"82":8,"83":6,"84":2,"85":4,"86":5,"87":2,"88":3,"89":3,"90":3,"91":3,"92":16,"93":1,"94":3},"f":{"0":31,"1":31,"2":31,"3":5,"4":8,"5":9,"6":4,"7":21,"8":5,"9":5},"b":{"0":[3,28],"1":[5,8,9,4,2],"2":[30,1],"3":[3,2],"4":[2,6],"5":[4,2],"6":[2,2],"7":[7,2],"8":[5,2],"9":[2,3],"10":[2,2],"11":[21,0],"12":[1,4],"13":[6,2],"14":[4,2],"15":[2,3],"16":[1,15]}}
,"D:/JavaScript-test/learn-test/src/model/ServerModel.ts": {"path":"D:/JavaScript-test/learn-test/src/model/ServerModel.ts","statementMap":{"0":{"start":{"line":1,"column":7},"end":{"line":1,"column":null}},"1":{"start":{"line":2,"column":2},"end":{"line":2,"column":7}},"2":{"start":{"line":3,"column":2},"end":{"line":3,"column":12}},"3":{"start":{"line":4,"column":2},"end":{"line":4,"column":16}},"4":{"start":{"line":5,"column":2},"end":{"line":5,"column":17}},"5":{"start":{"line":6,"column":2},"end":{"line":6,"column":14}},"6":{"start":{"line":7,"column":2},"end":{"line":7,"column":26}},"7":{"start":{"line":1,"column":12},"end":{"line":1,"column":null}},"8":{"start":{"line":10,"column":7},"end":{"line":10,"column":null}},"9":{"start":{"line":11,"column":2},"end":{"line":11,"column":null}},"10":{"start":{"line":12,"column":2},"end":{"line":12,"column":null}},"11":{"start":{"line":13,"column":2},"end":{"line":13,"column":null}},"12":{"start":{"line":14,"column":2},"end":{"line":14,"column":null}},"13":{"start":{"line":15,"column":2},"end":{"line":15,"column":null}},"14":{"start":{"line":10,"column":12},"end":{"line":10,"column":null}}},"fnMap":{"0":{"name":"(anonymous_0)","decl":{"start":{"line":1,"column":7},"end":{"line":1,"column":12}},"loc":{"start":{"line":1,"column":7},"end":{"line":1,"column":null}}},"1":{"name":"(anonymous_1)","decl":{"start":{"line":10,"column":7},"end":{"line":10,"column":12}},"loc":{"start":{"line":10,"column":7},"end":{"line":10,"column":null}}}},"branchMap":{"0":{"loc":{"start":{"line":1,"column":12},"end":{"line":1,"column":null}},"type":"binary-expr","locations":[{"start":{"line":1,"column":12},"end":{"line":1,"column":null}},{"start":{"line":1,"column":12},"end":{"line":1,"column":null}}]},"1":{"loc":{"start":{"line":10,"column":12},"end":{"line":10,"column":null}},"type":"binary-expr","locations":[{"start":{"line":10,"column":12},"end":{"line":10,"column":null}},{"start":{"line":10,"column":12},"end":{"line":10,"column":null}}]}},"s":{"0":7,"1":7,"2":7,"3":7,"4":7,"5":7,"6":7,"7":7,"8":7,"9":7,"10":7,"11":7,"12":7,"13":7,"14":7},"f":{"0":7,"1":7},"b":{"0":[7,7],"1":[7,7]}}
,"D:/JavaScript-test/learn-test/src/server/Server.ts": {"path":"D:/JavaScript-test/learn-test/src/server/Server.ts","statementMap":{"0":{"start":{"line":16,"column":23},"end":{"line":16,"column":null}},"1":{"start":{"line":17,"column":35},"end":{"line":17,"column":null}},"2":{"start":{"line":20,"column":4},"end":{"line":25,"column":null}},"3":{"start":{"line":21,"column":6},"end":{"line":21,"column":null}},"4":{"start":{"line":22,"column":6},"end":{"line":22,"column":null}},"5":{"start":{"line":23,"column":6},"end":{"line":23,"column":null}},"6":{"start":{"line":24,"column":6},"end":{"line":24,"column":null}},"7":{"start":{"line":26,"column":4},"end":{"line":26,"column":null}},"8":{"start":{"line":27,"column":4},"end":{"line":27,"column":null}},"9":{"start":{"line":34,"column":4},"end":{"line":71,"column":null}},"10":{"start":{"line":35,"column":20},"end":{"line":35,"column":null}},"11":{"start":{"line":36,"column":6},"end":{"line":62,"column":null}},"12":{"start":{"line":38,"column":10},"end":{"line":42,"column":null}},"13":{"start":{"line":43,"column":10},"end":{"line":43,"column":null}},"14":{"start":{"line":45,"column":10},"end":{"line":49,"column":null}},"15":{"start":{"line":50,"column":10},"end":{"line":50,"column":null}},"16":{"start":{"line":52,"column":30},"end":{"line":57,"column":null}},"17":{"start":{"line":58,"column":10},"end":{"line":58,"column":null}},"18":{"start":{"line":59,"column":10},"end":{"line":59,"column":null}},"19":{"start":{"line":61,"column":10},"end":{"line":61,"column":null}},"20":{"start":{"line":64,"column":6},"end":{"line":70,"column":null}},"21":{"start":{"line":65,"column":8},"end":{"line":68,"column":null}},"22":{"start":{"line":69,"column":8},"end":{"line":69,"column":null}},"23":{"start":{"line":75,"column":22},"end":{"line":75,"column":null}},"24":{"start":{"line":76,"column":4},"end":{"line":78,"column":null}},"25":{"start":{"line":77,"column":6},"end":{"line":77,"column":null}},"26":{"start":{"line":82,"column":4},"end":{"line":85,"column":null}},"27":{"start":{"line":83,"column":6},"end":{"line":83,"column":null}},"28":{"start":{"line":84,"column":6},"end":{"line":84,"column":null}}},"fnMap":{"0":{"name":"(anonymous_0)","decl":{"start":{"line":19,"column":2},"end":{"line":19,"column":15}},"loc":{"start":{"line":19,"column":29},"end":{"line":28,"column":null}}},"1":{"name":"(anonymous_1)","decl":{"start":{"line":20,"column":31},"end":{"line":20,"column":38}},"loc":{"start":{"line":20,"column":51},"end":{"line":25,"column":5}}},"2":{"name":"(anonymous_2)","decl":{"start":{"line":30,"column":2},"end":{"line":30,"column":16}},"loc":{"start":{"line":33,"column":4},"end":{"line":72,"column":null}}},"3":{"name":"(anonymous_3)","decl":{"start":{"line":74,"column":10},"end":{"line":74,"column":26}},"loc":{"start":{"line":74,"column":52},"end":{"line":79,"column":null}}},"4":{"name":"(anonymous_4)","decl":{"start":{"line":81,"column":2},"end":{"line":81,"column":15}},"loc":{"start":{"line":81,"column":28},"end":{"line":86,"column":null}}}},"branchMap":{"0":{"loc":{"start":{"line":36,"column":6},"end":{"line":62,"column":null}},"type":"switch","locations":[{"start":{"line":37,"column":8},"end":{"line":43,"column":null}},{"start":{"line":44,"column":8},"end":{"line":50,"column":null}},{"start":{"line":51,"column":8},"end":{"line":59,"column":null}},{"start":{"line":60,"column":8},"end":{"line":61,"column":null}}]},"1":{"loc":{"start":{"line":64,"column":6},"end":{"line":70,"column":null}},"type":"if","locations":[{"start":{"line":64,"column":6},"end":{"line":70,"column":null}},{"start":{"line":64,"column":6},"end":{"line":70,"column":null}}]},"2":{"loc":{"start":{"line":76,"column":4},"end":{"line":78,"column":null}},"type":"if","locations":[{"start":{"line":76,"column":4},"end":{"line":78,"column":null}},{"start":{"line":76,"column":4},"end":{"line":78,"column":null}}]},"3":{"loc":{"start":{"line":82,"column":4},"end":{"line":85,"column":null}},"type":"if","locations":[{"start":{"line":82,"column":4},"end":{"line":85,"column":null}},{"start":{"line":82,"column":4},"end":{"line":85,"column":null}}]}},"s":{"0":26,"1":26,"2":26,"3":26,"4":26,"5":26,"6":26,"7":26,"8":26,"9":26,"10":26,"11":26,"12":4,"13":4,"14":5,"15":5,"16":15,"17":15,"18":15,"19":2,"20":0,"21":0,"22":0,"23":26,"24":26,"25":25,"26":0,"27":0,"28":0},"f":{"0":26,"1":26,"2":26,"3":26,"4":0},"b":{"0":[4,5,15,2],"1":[0,0],"2":[25,1],"3":[0,0]}}
,"D:/JavaScript-test/learn-test/src/utils/Utils.ts": {"path":"D:/JavaScript-test/learn-test/src/utils/Utils.ts","statementMap":{"0":{"start":{"line":5,"column":4},"end":{"line":20,"column":null}},"1":{"start":{"line":6,"column":19},"end":{"line":6,"column":null}},"2":{"start":{"line":7,"column":8},"end":{"line":9,"column":null}},"3":{"start":{"line":8,"column":12},"end":{"line":8,"column":null}},"4":{"start":{"line":10,"column":8},"end":{"line":16,"column":null}},"5":{"start":{"line":11,"column":12},"end":{"line":15,"column":null}},"6":{"start":{"line":12,"column":16},"end":{"line":12,"column":null}},"7":{"start":{"line":14,"column":16},"end":{"line":14,"column":null}},"8":{"start":{"line":17,"column":8},"end":{"line":19,"column":null}},"9":{"start":{"line":18,"column":12},"end":{"line":18,"column":null}}},"fnMap":{"0":{"name":"getRequestBody","decl":{"start":{"line":4,"column":22},"end":{"line":4,"column":37}},"loc":{"start":{"line":4,"column":77},"end":{"line":21,"column":null}}},"1":{"name":"(anonymous_1)","decl":{"start":{"line":5,"column":23},"end":{"line":5,"column":24}},"loc":{"start":{"line":5,"column":44},"end":{"line":20,"column":5}}},"2":{"name":"(anonymous_2)","decl":{"start":{"line":7,"column":27},"end":{"line":7,"column":28}},"loc":{"start":{"line":7,"column":45},"end":{"line":9,"column":9}}},"3":{"name":"(anonymous_3)","decl":{"start":{"line":10,"column":26},"end":{"line":10,"column":32}},"loc":{"start":{"line":10,"column":32},"end":{"line":16,"column":9}}},"4":{"name":"(anonymous_4)","decl":{"start":{"line":17,"column":28},"end":{"line":17,"column":29}},"loc":{"start":{"line":17,"column":44},"end":{"line":19,"column":9}}}},"branchMap":{},"s":{"0":12,"1":12,"2":12,"3":11,"4":12,"5":11,"6":11,"7":1,"8":12,"9":12},"f":{"0":12,"1":12,"2":11,"3":11,"4":12},"b":{}}
}
